c:\users\hansiv4\documents\github\structuresdedonneestp2\tp2\tp2\debug\tp2.pch
c:\users\hansiv4\documents\github\structuresdedonneestp2\tp2\tp2\debug\vc141.pdb
c:\users\hansiv4\documents\github\structuresdedonneestp2\tp2\tp2\debug\vc141.idb
c:\users\hansiv4\documents\github\structuresdedonneestp2\tp2\tp2\debug\pch.obj
c:\users\hansiv4\documents\github\structuresdedonneestp2\tp2\tp2\debug\tp2.obj
c:\users\cbrai\desktop\structuresdedonneestp2-master\tp2\tp2\debug\tp2.pch
c:\users\cbrai\desktop\structuresdedonneestp2-master\tp2\tp2\debug\vc141.pdb
c:\users\cbrai\desktop\structuresdedonneestp2-master\tp2\tp2\debug\vc141.idb
c:\users\cbrai\desktop\structuresdedonneestp2-master\tp2\tp2\debug\pch.obj
c:\users\hansiv4\documents\structuresdedonneestp2\tp2\tp2\debug\tp2.pch
c:\users\hansiv4\documents\structuresdedonneestp2\tp2\tp2\debug\vc141.pdb
c:\users\hansiv4\documents\structuresdedonneestp2\tp2\tp2\debug\vc141.idb
c:\users\hansiv4\documents\structuresdedonneestp2\tp2\tp2\debug\pch.obj
c:\users\hansiv4\documents\github\structuresdedonneestp2\tp2\debug\tp2.exe
c:\users\hansiv4\documents\github\structuresdedonneestp2\tp2\debug\tp2.ilk
c:\users\hansiv4\documents\github\structuresdedonneestp2\tp2\debug\tp2.pdb
c:\users\hansiv4\documents\structuresdedonneestp2\tp2\tp2\debug\tp2.obj.enc
c:\users\hansiv4\documents\structuresdedonneestp2\tp2\debug\tp2.pdb
c:\users\hansiv4\documents\structuresdedonneestp2\tp2\debug\tp2.exe
c:\users\hansiv4\documents\structuresdedonneestp2\tp2\debug\tp2.ilk
c:\users\hansiv4\documents\structuresdedonneestp2\tp2\tp2\debug\tp2.tlog\cl.command.1.tlog
c:\users\hansiv4\documents\structuresdedonneestp2\tp2\tp2\debug\tp2.tlog\cl.read.1.tlog
c:\users\hansiv4\documents\structuresdedonneestp2\tp2\tp2\debug\tp2.tlog\cl.write.1.tlog
c:\users\hansiv4\documents\structuresdedonneestp2\tp2\tp2\debug\tp2.tlog\link.command.1.tlog
c:\users\hansiv4\documents\structuresdedonneestp2\tp2\tp2\debug\tp2.tlog\link.read.1.tlog
c:\users\hansiv4\documents\structuresdedonneestp2\tp2\tp2\debug\tp2.tlog\link.write.1.tlog
